
May 28, 2018 13:15:16.27 NEW SESSION
May 28, 2018 13:15:16.27 ATTENTION: default value of option force_s3tc_enable overridden by environment.
May 28, 2018 13:16:48.19 [3238:3279:0528/131648.189897:ERROR:browser_gpu_channel_host_factory.cc(121)] Failed to launch GPU process.
May 28, 2018 13:16:48.29 Created new window in existing browser session.
May 28, 2018 13:29:06.58 [1:19:0528/132906.583575:ERROR:adm_helpers.cc(73)] Failed to query stereo recording.
May 28, 2018 13:33:33.39 [3863:3903:0528/133333.391146:ERROR:browser_gpu_channel_host_factory.cc(121)] Failed to launch GPU process.
May 28, 2018 13:33:33.40 Created new window in existing browser session.
May 28, 2018 14:45:06.39 [4626:4667:0528/144506.393461:ERROR:browser_gpu_channel_host_factory.cc(121)] Failed to launch GPU process.
May 28, 2018 14:45:06.40 Created new window in existing browser session.
May 28, 2018 14:45:53.11 [1:19:0528/144553.115159:ERROR:stunport.cc(85)] Binding request timed out from 0.0.0.x:58758 (any)
May 28, 2018 14:52:48.18 [4949:4989:0528/145248.189062:ERROR:browser_gpu_channel_host_factory.cc(121)] Failed to launch GPU process.
May 28, 2018 14:52:48.20 Created new window in existing browser session.
May 28, 2018 18:11:54.24 [9170:9211:0528/181154.244610:ERROR:browser_gpu_channel_host_factory.cc(121)] Failed to launch GPU process.
May 28, 2018 18:11:54.25 Created new window in existing browser session.
May 28, 2018 18:14:54.87 [9414:9454:0528/181454.872602:ERROR:browser_gpu_channel_host_factory.cc(121)] Failed to launch GPU process.
May 28, 2018 18:14:54.87 Created new window in existing browser session.
May 28, 2018 18:15:52.02 [9628:9668:0528/181552.024612:ERROR:browser_gpu_channel_host_factory.cc(121)] Failed to launch GPU process.
May 28, 2018 18:15:52.04 Created new window in existing browser session.
May 28, 2018 18:23:24.59 couldn't lock 16384 bytes of memory (secret_session): Cannot allocate memory
May 28, 2018 18:37:29.18 [10407:10447:0528/183729.186474:ERROR:browser_gpu_channel_host_factory.cc(121)] Failed to launch GPU process.
May 28, 2018 18:37:29.19 Created new window in existing browser session.
May 28, 2018 18:38:41.26 [10649:10689:0528/183841.261128:ERROR:browser_gpu_channel_host_factory.cc(121)] Failed to launch GPU process.
May 28, 2018 18:38:41.26 Created new window in existing browser session.
May 28, 2018 18:44:09.46 [11138:11178:0528/184409.466784:ERROR:browser_gpu_channel_host_factory.cc(121)] Failed to launch GPU process.
May 28, 2018 18:44:09.48 Created new window in existing browser session.
May 28, 2018 19:01:43.64 [11700:11741:0528/190143.641599:ERROR:browser_gpu_channel_host_factory.cc(121)] Failed to launch GPU process.
May 28, 2018 19:01:43.65 Created new window in existing browser session.
May 28, 2018 19:05:04.90 [2831:2831:0528/190504.904714:ERROR:navigation_entry_screenshot_manager.cc(135)] Invalid entry with unique id: 130
May 28, 2018 19:05:28.04 [2831:2831:0528/190528.042989:ERROR:navigation_entry_screenshot_manager.cc(135)] Invalid entry with unique id: 132
May 28, 2018 19:12:00.02 [2831:2831:0528/191200.028023:ERROR:gcm_channel_status_request.cc(127)] GCM channel request failed.
May 28, 2018 19:12:49.56 [2831:2831:0528/191249.567503:ERROR:gcm_channel_status_request.cc(127)] GCM channel request failed.
May 28, 2018 19:14:03.41 [2831:2831:0528/191403.419694:ERROR:gcm_channel_status_request.cc(127)] GCM channel request failed.
May 28, 2018 19:15:50.96 [2831:2831:0528/191550.960407:ERROR:gcm_channel_status_request.cc(127)] GCM channel request failed.
May 28, 2018 19:19:17.95 [2831:2831:0528/191917.954843:ERROR:gcm_channel_status_request.cc(127)] GCM channel request failed.
May 28, 2018 19:27:16.11 [2831:2831:0528/192716.116498:ERROR:gcm_channel_status_request.cc(127)] GCM channel request failed.
May 28, 2018 19:37:36.13 [2831:2831:0528/193736.135972:ERROR:gcm_channel_status_request.cc(127)] GCM channel request failed.
May 28, 2018 19:47:56.15 [2831:2831:0528/194756.156522:ERROR:gcm_channel_status_request.cc(127)] GCM channel request failed.
May 28, 2018 19:58:16.17 [2831:2831:0528/195816.175526:ERROR:gcm_channel_status_request.cc(127)] GCM channel request failed.
May 28, 2018 20:08:36.19 [2831:2831:0528/200836.196484:ERROR:gcm_channel_status_request.cc(127)] GCM channel request failed.
May 28, 2018 20:18:56.21 [2831:2831:0528/201856.218964:ERROR:gcm_channel_status_request.cc(127)] GCM channel request failed.
May 28, 2018 20:29:16.24 [2831:2831:0528/202916.241556:ERROR:gcm_channel_status_request.cc(127)] GCM channel request failed.
May 28, 2018 20:39:36.25 [2831:2831:0528/203936.257581:ERROR:gcm_channel_status_request.cc(127)] GCM channel request failed.
May 28, 2018 20:49:56.27 [2831:2831:0528/204956.275257:ERROR:gcm_channel_status_request.cc(127)] GCM channel request failed.
May 28, 2018 21:00:16.29 [2831:2831:0528/210016.291499:ERROR:gcm_channel_status_request.cc(127)] GCM channel request failed.
May 28, 2018 21:10:36.30 [2831:2831:0528/211036.309733:ERROR:gcm_channel_status_request.cc(127)] GCM channel request failed.

May 29, 2018 09:46:10.94 NEW SESSION
May 29, 2018 09:46:10.94 [3847:3888:0529/094610.943355:ERROR:browser_gpu_channel_host_factory.cc(121)] Failed to launch GPU process.
May 29, 2018 09:46:11.04 Created new window in existing browser session.
